Using pre-set license
Built from '2020.2/staging' branch; Version is '2020.2.7f1 (c53830e277f1) revision 12924976'; Using compiler version '192528614'; Build Type 'Release'
OS: 'Windows 10 Pro; OS build 19042.1288; Version 2009; 64bit' Language: 'en' Physical Memory: 4063 MB
BatchMode: 1, IsHumanControllingUs: 0, StartBugReporterOnCrash: 0, Is64bit: 1, IsPro: 0

 COMMAND LINE ARGUMENTS:
D:\Program Files\Unity\Editor\Unity.exe
-adb2
-batchMode
-noUpm
-name
AssetImportWorker2
-projectPath
E:/MOHAMMAD/Project/Unity/First Traning Project
-logFile
Logs/AssetImportWorker2.log
-srvPort
2391
Successfully changed project path to: E:/MOHAMMAD/Project/Unity/First Traning Project
E:/MOHAMMAD/Project/Unity/First Traning Project
Using Asset Import Pipeline V2.
Refreshing native plugins compatible for Editor in 122.74 ms, found 1 plugins.
Preloading 0 native plugins for Editor in 0.00 ms.
Initialize engine version: 2020.2.7f1 (c53830e277f1)
[Subsystems] Discovering subsystems at path D:/Program Files/Unity/Editor/Data/Resources/UnitySubsystems
[Subsystems] Discovering subsystems at path E:/MOHAMMAD/Project/Unity/First Traning Project/Assets
GfxDevice: creating device client; threaded=0
Direct3D:
    Version:  Direct3D 11.0 [level 11.1]
    Renderer: Microsoft Basic Render Driver (ID=0x8c)
    Vendor:   
    VRAM:     2031 MB
Initialize mono
Mono path[0] = 'D:/Program Files/Unity/Editor/Data/Managed'
Mono path[1] = 'D:/Program Files/Unity/Editor/Data/MonoBleedingEdge/lib/mono/unityjit'
Mono config path = 'D:/Program Files/Unity/Editor/Data/MonoBleedingEdge/etc'
Using monoOptions --debugger-agent=transport=dt_socket,embedding=1,server=y,suspend=n,address=127.0.0.1:56888
Begin MonoManager ReloadAssembly
Registering precompiled unity dll's ...
Register platform support module: D:/Program Files/Unity/Editor/Data/PlaybackEngines/WindowsStandaloneSupport/UnityEditor.WindowsStandalone.Extensions.dll
Registered in 0.002147 seconds.
Native extension for WindowsStandalone target not found
Refreshing native plugins compatible for Editor in 128.58 ms, found 1 plugins.
Preloading 0 native plugins for Editor in 0.00 ms.
Invoked RoslynAnalysisRunner static constructor.
RoslynAnalysisRunner will not be running.
RoslynAnalysisRunner has terminated.
Mono: successfully reloaded assembly
- Completed reload, in  2.961 seconds
Platform modules already initialized, skipping
Registering precompiled user dll's ...
Registered in 0.001625 seconds.
Begin MonoManager ReloadAssembly
Native extension for WindowsStandalone target not found
Refreshing native plugins compatible for Editor in 107.77 ms, found 1 plugins.
Preloading 0 native plugins for Editor in 0.00 ms.
Invoked RoslynAnalysisRunner static constructor.
RoslynAnalysisRunner will not be running.
RoslynAnalysisRunner has terminated.
Mono: successfully reloaded assembly
- Completed reload, in  6.055 seconds
Platform modules already initialized, skipping
========================================================================
Worker process is ready to serve import requests
Launched and connected shader compiler UnityShaderCompiler.exe after 0.28 seconds
Refreshing native plugins compatible for Editor in 0.79 ms, found 1 plugins.
Preloading 0 native plugins for Editor in 0.00 ms.
Unloading 1817 Unused Serialized files (Serialized files now loaded: 0)
System memory in use before: 86.1 MB.
System memory in use after: 86.0 MB.

Unloading 24 unused Assets to reduce memory usage. Loaded Objects now: 2260.
Total: 6.316900 ms (FindLiveObjects: 0.618600 ms CreateObjectMapping: 0.127900 ms MarkObjects: 5.303500 ms  DeleteObjects: 0.262600 ms)

========================================================================
Received Import Request.
  path: Assets/Images/favpng_m67-grenade-mk-2-grenade-hg-85.png
  artifactKey: Guid(2ac83b3f4581e7b469a3618b8705c5f6) Importer(815301076,1909f56bfc062723c751e8b465ee728b)
Start importing Assets/Images/favpng_m67-grenade-mk-2-grenade-hg-85.png using Guid(2ac83b3f4581e7b469a3618b8705c5f6) Importer(815301076,1909f56bfc062723c751e8b465ee728b)  -> (artifact id: 'fe609d55f4e267424d2c34eb0d263822') in 0.473394 seconds
  Import took 0.491289 seconds .

========================================================================
Received Import Request.
  Time since last request: 65.093128 seconds.
  path: Assets/Images/Grenades.prefab
  artifactKey: Guid(ef102f88b9608a541923af23504c2dff) Importer(815301076,1909f56bfc062723c751e8b465ee728b)
Start importing Assets/Images/Grenades.prefab using Guid(ef102f88b9608a541923af23504c2dff) Importer(815301076,1909f56bfc062723c751e8b465ee728b)  -> (artifact id: '32c205d81d3556d64674a5c14b68b40e') in 0.989950 seconds
  Import took 1.029636 seconds .

========================================================================
Received Import Request.
  Time since last request: 83.864113 seconds.
  path: Assets/Images/Grenades.prefab
  artifactKey: Guid(ef102f88b9608a541923af23504c2dff) Importer(815301076,1909f56bfc062723c751e8b465ee728b)
Start importing Assets/Images/Grenades.prefab using Guid(ef102f88b9608a541923af23504c2dff) Importer(815301076,1909f56bfc062723c751e8b465ee728b)  -> (artifact id: '6a5d44db4496760d6f7d553c20653119') in 0.166884 seconds
  Import took 0.187004 seconds .

========================================================================
Received Import Request.
  Time since last request: 18.612018 seconds.
  path: Assets/Images/favpng_m67-grenade-mk-2-grenade-hg-85.png
  artifactKey: Guid(2ac83b3f4581e7b469a3618b8705c5f6) Importer(815301076,1909f56bfc062723c751e8b465ee728b)
Start importing Assets/Images/favpng_m67-grenade-mk-2-grenade-hg-85.png using Guid(2ac83b3f4581e7b469a3618b8705c5f6) Importer(815301076,1909f56bfc062723c751e8b465ee728b)  -> (artifact id: '59a37c24aea04620dbe01ed19238f2bd') in 0.072787 seconds
  Import took 0.097094 seconds .

========================================================================
Received Import Request.
  Time since last request: 89.575753 seconds.
  path: Assets/Scripts/Weapons
  artifactKey: Guid(79267ebc51e85784f8ead3e6b98b883c) Importer(815301076,1909f56bfc062723c751e8b465ee728b)
Start importing Assets/Scripts/Weapons using Guid(79267ebc51e85784f8ead3e6b98b883c) Importer(815301076,1909f56bfc062723c751e8b465ee728b)  -> (artifact id: 'fb0061ff4cd298da7bfb0ba4bbadb733') in 0.034613 seconds
  Import took 0.067058 seconds .

========================================================================
Received Prepare
Registering precompiled user dll's ...
Registered in 0.003969 seconds.
Begin MonoManager ReloadAssembly
Native extension for WindowsStandalone target not found
Refreshing native plugins compatible for Editor in 2.50 ms, found 1 plugins.
Preloading 0 native plugins for Editor in 0.00 ms.
Invoked RoslynAnalysisRunner static constructor.
RoslynAnalysisRunner will not be running.
RoslynAnalysisRunner has terminated.
Mono: successfully reloaded assembly
- Completed reload, in  3.073 seconds
Platform modules already initialized, skipping
Refreshing native plugins compatible for Editor in 1.00 ms, found 1 plugins.
Preloading 0 native plugins for Editor in 0.00 ms.
Unloading 1812 Unused Serialized files (Serialized files now loaded: 0)
System memory in use before: 89.2 MB.
System memory in use after: 89.2 MB.

Unloading 12 unused Assets to reduce memory usage. Loaded Objects now: 2273.
Total: 7.336800 ms (FindLiveObjects: 0.593300 ms CreateObjectMapping: 0.186900 ms MarkObjects: 6.331000 ms  DeleteObjects: 0.222500 ms)

========================================================================
Received Prepare
Registering precompiled user dll's ...
Registered in 0.001655 seconds.
Begin MonoManager ReloadAssembly
Native extension for WindowsStandalone target not found
Refreshing native plugins compatible for Editor in 0.81 ms, found 1 plugins.
Preloading 0 native plugins for Editor in 0.00 ms.
Invoked RoslynAnalysisRunner static constructor.
RoslynAnalysisRunner will not be running.
RoslynAnalysisRunner has terminated.
Mono: successfully reloaded assembly
- Completed reload, in  2.583 seconds
Platform modules already initialized, skipping
Refreshing native plugins compatible for Editor in 0.85 ms, found 1 plugins.
Preloading 0 native plugins for Editor in 0.00 ms.
Unloading 1812 Unused Serialized files (Serialized files now loaded: 0)
System memory in use before: 89.2 MB.
System memory in use after: 89.2 MB.

Unloading 12 unused Assets to reduce memory usage. Loaded Objects now: 2277.
Total: 5.407300 ms (FindLiveObjects: 0.568600 ms CreateObjectMapping: 0.128000 ms MarkObjects: 4.212200 ms  DeleteObjects: 0.495200 ms)

========================================================================
Received Import Request.
  Time since last request: 49.966545 seconds.
  path: Assets/Scripts/Player
  artifactKey: Guid(9ec1f840b556ad94ba9629765fb5e82d) Importer(815301076,1909f56bfc062723c751e8b465ee728b)
Start importing Assets/Scripts/Player using Guid(9ec1f840b556ad94ba9629765fb5e82d) Importer(815301076,1909f56bfc062723c751e8b465ee728b)  -> (artifact id: 'cdb24e577e13144e2cfb17a9d0297f98') in 0.206229 seconds
  Import took 0.226510 seconds .

========================================================================
Received Import Request.
  Time since last request: 13.082110 seconds.
  path: Assets/Scripts/Weapons/Weapons.cs
  artifactKey: Guid(17e91edc7966ba344ab90907b61eb8af) Importer(815301076,1909f56bfc062723c751e8b465ee728b)
Start importing Assets/Scripts/Weapons/Weapons.cs using Guid(17e91edc7966ba344ab90907b61eb8af) Importer(815301076,1909f56bfc062723c751e8b465ee728b)  -> (artifact id: 'd06feafcf737dc6ee574d085f0eeb4f9') in 0.998722 seconds
  Import took 1.759199 seconds .

========================================================================
Received Prepare
Registering precompiled user dll's ...
Registered in 0.005387 seconds.
Begin MonoManager ReloadAssembly
Native extension for WindowsStandalone target not found
Refreshing native plugins compatible for Editor in 0.84 ms, found 1 plugins.
Preloading 0 native plugins for Editor in 0.00 ms.
Invoked RoslynAnalysisRunner static constructor.
RoslynAnalysisRunner will not be running.
RoslynAnalysisRunner has terminated.
Mono: successfully reloaded assembly
- Completed reload, in  3.335 seconds
Platform modules already initialized, skipping
Refreshing native plugins compatible for Editor in 0.83 ms, found 1 plugins.
Preloading 0 native plugins for Editor in 0.00 ms.
Unloading 1813 Unused Serialized files (Serialized files now loaded: 0)
System memory in use before: 89.3 MB.
System memory in use after: 89.2 MB.

Unloading 12 unused Assets to reduce memory usage. Loaded Objects now: 2282.
Total: 6.125100 ms (FindLiveObjects: 0.597000 ms CreateObjectMapping: 0.135000 ms MarkObjects: 5.173200 ms  DeleteObjects: 0.217000 ms)

========================================================================
Received Prepare
Registering precompiled user dll's ...
Registered in 0.109434 seconds.
Begin MonoManager ReloadAssembly
Native extension for WindowsStandalone target not found
Refreshing native plugins compatible for Editor in 1.78 ms, found 1 plugins.
Preloading 0 native plugins for Editor in 0.00 ms.
Invoked RoslynAnalysisRunner static constructor.
RoslynAnalysisRunner will not be running.
RoslynAnalysisRunner has terminated.
Mono: successfully reloaded assembly
- Completed reload, in  2.530 seconds
Platform modules already initialized, skipping
Refreshing native plugins compatible for Editor in 0.83 ms, found 1 plugins.
Preloading 0 native plugins for Editor in 0.00 ms.
Unloading 1813 Unused Serialized files (Serialized files now loaded: 0)
System memory in use before: 89.3 MB.
System memory in use after: 89.3 MB.

Unloading 12 unused Assets to reduce memory usage. Loaded Objects now: 2286.
Total: 5.358700 ms (FindLiveObjects: 0.615600 ms CreateObjectMapping: 0.121500 ms MarkObjects: 4.366800 ms  DeleteObjects: 0.252100 ms)

========================================================================
Received Import Request.
  Time since last request: 1725.641418 seconds.
  path: Assets/Scripts/Weapons/Weapons.cs
  artifactKey: Guid(17e91edc7966ba344ab90907b61eb8af) Importer(815301076,1909f56bfc062723c751e8b465ee728b)
Start importing Assets/Scripts/Weapons/Weapons.cs using Guid(17e91edc7966ba344ab90907b61eb8af) Importer(815301076,1909f56bfc062723c751e8b465ee728b)  -> (artifact id: 'fa7e8dd6cd44db44df539dd498c7a9ed') in 0.041756 seconds
  Import took 0.047672 seconds .

========================================================================
Received Prepare
Registering precompiled user dll's ...
Registered in 0.001714 seconds.
Begin MonoManager ReloadAssembly
Native extension for WindowsStandalone target not found
Refreshing native plugins compatible for Editor in 0.82 ms, found 1 plugins.
Preloading 0 native plugins for Editor in 0.00 ms.
Invoked RoslynAnalysisRunner static constructor.
RoslynAnalysisRunner will not be running.
RoslynAnalysisRunner has terminated.
Mono: successfully reloaded assembly
- Completed reload, in  2.592 seconds
Platform modules already initialized, skipping
Refreshing native plugins compatible for Editor in 0.82 ms, found 1 plugins.
Preloading 0 native plugins for Editor in 0.00 ms.
Unloading 1813 Unused Serialized files (Serialized files now loaded: 0)
System memory in use before: 89.3 MB.
System memory in use after: 89.3 MB.

Unloading 12 unused Assets to reduce memory usage. Loaded Objects now: 2290.
Total: 6.648100 ms (FindLiveObjects: 0.626400 ms CreateObjectMapping: 0.124000 ms MarkObjects: 5.658700 ms  DeleteObjects: 0.236200 ms)

